This is pdfTeX, Version 3.14159265-2.6-1.40.20 (TeX Live 2019/Debian) (preloaded format=pdflatex 2020.10.3)  31 JUL 2021 18:33
entering extended mode
 restricted \write18 enabled.
 %&-line parsing enabled.
**draft_skripsi.tex
(./draft_skripsi.tex
LaTeX2e <2020-02-02> patch level 2
L3 programming layer <2020-02-14>
(/usr/share/texlive/texmf-dist/tex/latex/base/report.cls
Document Class: report 2019/12/20 v1.4l Standard LaTeX document class
(/usr/share/texlive/texmf-dist/tex/latex/base/size12.clo
File: size12.clo 2019/12/20 v1.4l Standard LaTeX file (size option)
)
\c@part=\count167
\c@chapter=\count168
\c@section=\count169
\c@subsection=\count170
\c@subsubsection=\count171
\c@paragraph=\count172
\c@subparagraph=\count173
\c@figure=\count174
\c@table=\count175
\abovecaptionskip=\skip47
\belowcaptionskip=\skip48
\bibindent=\dimen134
)
(/usr/share/texlive/texmf-dist/tex/latex/tocloft/tocloft.sty
Package: tocloft 2017/08/31 v2.3i parameterised ToC, etc., typesetting
Package tocloft Info: The document has chapter divisions on input line 51.
\cftparskip=\skip49
\cftbeforetoctitleskip=\skip50
\cftaftertoctitleskip=\skip51
\cftbeforepartskip=\skip52
\cftpartnumwidth=\skip53
\cftpartindent=\skip54
\cftbeforechapskip=\skip55
\cftchapindent=\skip56
\cftchapnumwidth=\skip57
\cftbeforesecskip=\skip58
\cftsecindent=\skip59
\cftsecnumwidth=\skip60
\cftbeforesubsecskip=\skip61
\cftsubsecindent=\skip62
\cftsubsecnumwidth=\skip63
\cftbeforesubsubsecskip=\skip64
\cftsubsubsecindent=\skip65
\cftsubsubsecnumwidth=\skip66
\cftbeforeparaskip=\skip67
\cftparaindent=\skip68
\cftparanumwidth=\skip69
\cftbeforesubparaskip=\skip70
\cftsubparaindent=\skip71
\cftsubparanumwidth=\skip72
\cftbeforeloftitleskip=\skip73
\cftafterloftitleskip=\skip74
\cftbeforefigskip=\skip75
\cftfigindent=\skip76
\cftfignumwidth=\skip77
\c@lofdepth=\count176
\c@lotdepth=\count177
\cftbeforelottitleskip=\skip78
\cftafterlottitleskip=\skip79
\cftbeforetabskip=\skip80
\cfttabindent=\skip81
\cfttabnumwidth=\skip82
)
\mylen=\skip83

(/usr/share/texlive/texmf-dist/tex/latex/geometry/geometry.sty
Package: geometry 2020/01/02 v5.9 Page Geometry

(/usr/share/texlive/texmf-dist/tex/latex/graphics/keyval.sty
Package: keyval 2014/10/28 v1.15 key=value parser (DPC)
\KV@toks@=\toks14
)
(/usr/share/texlive/texmf-dist/tex/generic/iftex/ifvtex.sty
Package: ifvtex 2019/10/25 v1.7 ifvtex legacy package. Use iftex instead.

(/usr/share/texlive/texmf-dist/tex/generic/iftex/iftex.sty
Package: iftex 2019/11/07 v1.0c TeX engine tests
))
\Gm@cnth=\count178
\Gm@cntv=\count179
\c@Gm@tempcnt=\count180
\Gm@bindingoffset=\dimen135
\Gm@wd@mp=\dimen136
\Gm@odd@mp=\dimen137
\Gm@even@mp=\dimen138
\Gm@layoutwidth=\dimen139
\Gm@layoutheight=\dimen140
\Gm@layouthoffset=\dimen141
\Gm@layoutvoffset=\dimen142
\Gm@dimlist=\toks15
)
(/usr/share/texlive/texmf-dist/tex/latex/caption/caption.sty
Package: caption 2020/01/03 v3.4h Customizing captions (AR)

(/usr/share/texlive/texmf-dist/tex/latex/caption/caption3.sty
Package: caption3 2020/01/03 v1.8h caption3 kernel (AR)
Package caption3 Info: TeX engine: e-TeX on input line 61.
\captionmargin=\dimen143
\captionmargin@=\dimen144
\captionwidth=\dimen145
\caption@tempdima=\dimen146
\caption@indent=\dimen147
\caption@parindent=\dimen148
\caption@hangindent=\dimen149
Package caption Info: Standard document class detected.
)
\c@caption@flags=\count181
\c@continuedfloat=\count182
)
(/usr/share/texlive/texmf-dist/tex/latex/booktabs/booktabs.sty
Package: booktabs 2020/01/12 v1.61803398 Publication quality tables
\heavyrulewidth=\dimen150
\lightrulewidth=\dimen151
\cmidrulewidth=\dimen152
\belowrulesep=\dimen153
\belowbottomsep=\dimen154
\aboverulesep=\dimen155
\abovetopsep=\dimen156
\cmidrulesep=\dimen157
\cmidrulekern=\dimen158
\defaultaddspace=\dimen159
\@cmidla=\count183
\@cmidlb=\count184
\@aboverulesep=\dimen160
\@belowrulesep=\dimen161
\@thisruleclass=\count185
\@lastruleclass=\count186
\@thisrulewidth=\dimen162
)
(/usr/share/texlive/texmf-dist/tex/latex/graphics/graphicx.sty
Package: graphicx 2019/11/30 v1.2a Enhanced LaTeX Graphics (DPC,SPQR)

(/usr/share/texlive/texmf-dist/tex/latex/graphics/graphics.sty
Package: graphics 2019/11/30 v1.4a Standard LaTeX Graphics (DPC,SPQR)

(/usr/share/texlive/texmf-dist/tex/latex/graphics/trig.sty
Package: trig 2016/01/03 v1.10 sin cos tan (DPC)
)
(/usr/share/texlive/texmf-dist/tex/latex/graphics-cfg/graphics.cfg
File: graphics.cfg 2016/06/04 v1.11 sample graphics configuration
)
Package graphics Info: Driver file: pdftex.def on input line 105.

(/usr/share/texlive/texmf-dist/tex/latex/graphics-def/pdftex.def
File: pdftex.def 2018/01/08 v1.0l Graphics/color driver for pdftex
))
\Gin@req@height=\dimen163
\Gin@req@width=\dimen164
)
(/usr/share/texlive/texmf-dist/tex/latex/fancyhdr/fancyhdr.sty
Package: fancyhdr 2019/01/31 v3.10 Extensive control of page headers and footer
s
\f@nch@headwidth=\skip84
\f@nch@O@elh=\skip85
\f@nch@O@erh=\skip86
\f@nch@O@olh=\skip87
\f@nch@O@orh=\skip88
\f@nch@O@elf=\skip89
\f@nch@O@erf=\skip90
\f@nch@O@olf=\skip91
\f@nch@O@orf=\skip92
)
(/usr/share/texlive/texmf-dist/tex/latex/subfig/subfig.sty
Package: subfig 2005/06/28 ver: 1.3 subfig package
\c@KVtest=\count187
\sf@farskip=\skip93
\sf@captopadj=\dimen165
\sf@capskip=\skip94
\sf@nearskip=\skip95
\c@subfigure=\count188
\c@subfigure@save=\count189
\c@subtable=\count190
\c@subtable@save=\count191
\sf@top=\skip96
\sf@bottom=\skip97
)
(/usr/share/texlive/texmf-dist/tex/latex/tocbibind/tocbibind.sty
Package: tocbibind 2010/10/13 v1.5k extra ToC listings
Package tocbibind Info: The document has chapter divisions on input line 50.


Package tocbibind Note: Using chapter style headings, unless overridden.

) (/usr/share/texlive/texmf-dist/tex/latex/parskip/parskip.sty
Package: parskip 2020-01-22 v2.0d non-zero parskip adjustments

(/usr/share/texlive/texmf-dist/tex/latex/kvoptions/kvoptions.sty
Package: kvoptions 2019/11/29 v3.13 Key value format for package options (HO)

(/usr/share/texlive/texmf-dist/tex/generic/ltxcmds/ltxcmds.sty
Package: ltxcmds 2019/12/15 v1.24 LaTeX kernel commands for general use (HO)
)
(/usr/share/texlive/texmf-dist/tex/generic/kvsetkeys/kvsetkeys.sty
Package: kvsetkeys 2019/12/15 v1.18 Key value parser (HO)
))
(/usr/share/texlive/texmf-dist/tex/latex/etoolbox/etoolbox.sty
Package: etoolbox 2019/09/21 v2.5h e-TeX tools for LaTeX (JAW)
\etb@tempcnta=\count192
))
(/usr/share/texlive/texmf-dist/tex/latex/enumitem/enumitem.sty
Package: enumitem 2019/06/20 v3.9 Customized lists
\labelindent=\skip98
\enit@outerparindent=\dimen166
\enit@toks=\toks16
\enit@inbox=\box45
\enit@count@id=\count193
\enitdp@description=\count194
)
(/usr/share/texlive/texmf-dist/tex/latex/titlesec/titlesec.sty
Package: titlesec 2019/10/16 v2.13 Sectioning titles
\ttl@box=\box46
\beforetitleunit=\skip99
\aftertitleunit=\skip100
\ttl@plus=\dimen167
\ttl@minus=\dimen168
\ttl@toksa=\toks17
\titlewidth=\dimen169
\titlewidthlast=\dimen170
\titlewidthfirst=\dimen171
)
(/usr/share/texlive/texmf-dist/tex/latex/sectsty/sectsty.sty
Package: sectsty 2002/02/25 v2.0.2 Commands to change all sectional heading sty
les


LaTeX Warning: Command \underbar  has changed.
               Check if current package is valid.


LaTeX Warning: Command \underline  has changed.
               Check if current package is valid.

) (/usr/share/texlive/texmf-dist/tex/latex/multirow/multirow.sty
Package: multirow 2019/05/31 v2.5 Span multiple rows of a table
\multirow@colwidth=\skip101
\multirow@cntb=\count195
\multirow@dima=\skip102
\bigstrutjot=\dimen172
)
(/usr/share/texlive/texmf-dist/tex/latex/tools/array.sty
Package: array 2019/08/31 v2.4l Tabular extension package (FMi)
\col@sep=\dimen173
\ar@mcellbox=\box47
\extrarowheight=\dimen174
\NC@list=\toks18
\extratabsurround=\skip103
\backup@length=\skip104
\ar@cellbox=\box48
)
(/usr/share/texlive/texmf-dist/tex/latex/mathtools/mathtools.sty
Package: mathtools 2020/01/17 v1.23 mathematical typesetting tools

(/usr/share/texlive/texmf-dist/tex/latex/tools/calc.sty
Package: calc 2017/05/25 v4.3 Infix arithmetic (KKT,FJ)
\calc@Acount=\count196
\calc@Bcount=\count197
\calc@Adimen=\dimen175
\calc@Bdimen=\dimen176
\calc@Askip=\skip105
\calc@Bskip=\skip106
LaTeX Info: Redefining \setlength on input line 80.
LaTeX Info: Redefining \addtolength on input line 81.
\calc@Ccount=\count198
\calc@Cskip=\skip107
)
(/usr/share/texlive/texmf-dist/tex/latex/mathtools/mhsetup.sty
Package: mhsetup 2017/03/31 v1.3 programming setup (MH)
)
(/usr/share/texlive/texmf-dist/tex/latex/amsmath/amsmath.sty
Package: amsmath 2020/01/20 v2.17e AMS math features
\@mathmargin=\skip108

For additional information on amsmath, use the `?' option.
(/usr/share/texlive/texmf-dist/tex/latex/amsmath/amstext.sty
Package: amstext 2000/06/29 v2.01 AMS text

(/usr/share/texlive/texmf-dist/tex/latex/amsmath/amsgen.sty
File: amsgen.sty 1999/11/30 v2.0 generic functions
\@emptytoks=\toks19
\ex@=\dimen177
))
(/usr/share/texlive/texmf-dist/tex/latex/amsmath/amsbsy.sty
Package: amsbsy 1999/11/29 v1.2d Bold Symbols
\pmbraise@=\dimen178
)
(/usr/share/texlive/texmf-dist/tex/latex/amsmath/amsopn.sty
Package: amsopn 2016/03/08 v2.02 operator names
)
\inf@bad=\count199
LaTeX Info: Redefining \frac on input line 227.
\uproot@=\count266
\leftroot@=\count267
LaTeX Info: Redefining \overline on input line 389.
\classnum@=\count268
\DOTSCASE@=\count269
LaTeX Info: Redefining \ldots on input line 486.
LaTeX Info: Redefining \dots on input line 489.
LaTeX Info: Redefining \cdots on input line 610.
\Mathstrutbox@=\box49
\strutbox@=\box50
\big@size=\dimen179
LaTeX Font Info:    Redeclaring font encoding OML on input line 733.
LaTeX Font Info:    Redeclaring font encoding OMS on input line 734.
\macc@depth=\count270
\c@MaxMatrixCols=\count271
\dotsspace@=\muskip16
\c@parentequation=\count272
\dspbrk@lvl=\count273
\tag@help=\toks20
\row@=\count274
\column@=\count275
\maxfields@=\count276
\andhelp@=\toks21
\eqnshift@=\dimen180
\alignsep@=\dimen181
\tagshift@=\dimen182
\tagwidth@=\dimen183
\totwidth@=\dimen184
\lineht@=\dimen185
\@envbody=\toks22
\multlinegap=\skip109
\multlinetaggap=\skip110
\mathdisplay@stack=\toks23
LaTeX Info: Redefining \[ on input line 2859.
LaTeX Info: Redefining \] on input line 2860.
)
LaTeX Info: Thecontrolsequence`\('isalreadyrobust on input line 129.
LaTeX Info: Thecontrolsequence`\)'isalreadyrobust on input line 129.
LaTeX Info: Thecontrolsequence`\['isalreadyrobust on input line 129.
LaTeX Info: Thecontrolsequence`\]'isalreadyrobust on input line 129.
\g_MT_multlinerow_int=\count277
\l_MT_multwidth_dim=\dimen186
\origjot=\skip111
\l_MT_shortvdotswithinadjustabove_dim=\dimen187
\l_MT_shortvdotswithinadjustbelow_dim=\dimen188
\l_MT_above_intertext_sep=\dimen189
\l_MT_below_intertext_sep=\dimen190
\l_MT_above_shortintertext_sep=\dimen191
\l_MT_below_shortintertext_sep=\dimen192
)
(/usr/share/texlive/texmf-dist/tex/latex/amsfonts/amssymb.sty
Package: amssymb 2013/01/14 v3.01 AMS font symbols

(/usr/share/texlive/texmf-dist/tex/latex/amsfonts/amsfonts.sty
Package: amsfonts 2013/01/14 v3.01 Basic AMSFonts support
\symAMSa=\mathgroup4
\symAMSb=\mathgroup5
LaTeX Font Info:    Redeclaring math symbol \hbar on input line 98.
LaTeX Font Info:    Overwriting math alphabet `\mathfrak' in version `bold'
(Font)                  U/euf/m/n --> U/euf/b/n on input line 106.
))
(/usr/share/texlive/texmf-dist/tex/latex/siunitx/siunitx.sty
(/usr/share/texlive/texmf-dist/tex/latex/l3kernel/expl3.sty
Package: expl3 2020-02-14 L3 programming layer (loader) 

(/usr/share/texlive/texmf-dist/tex/latex/l3backend/l3backend-pdfmode.def
File: l3backend-pdfmode.def 2020-02-03 L3 backend support: PDF mode
\l__kernel_color_stack_int=\count278
\l__pdf_internal_box=\box51
))
(/usr/share/texlive/texmf-dist/tex/latex/l3packages/xparse/xparse.sty
Package: xparse 2020-02-14 L3 Experimental document command parser
\l__xparse_current_arg_int=\count279
\g__xparse_grabber_int=\count280
\l__xparse_m_args_int=\count281
\l__xparse_v_nesting_int=\count282
)
Package: siunitx 2020/01/15 v2.7u A comprehensive (SI) units package

(/usr/share/texlive/texmf-dist/tex/latex/l3packages/l3keys2e/l3keys2e.sty
Package: l3keys2e 2020-02-14 LaTeX2e option processing using LaTeX3 keys
)
\l__siunitx_tmp_box=\box52
\l__siunitx_tmp_dim=\dimen193
\l__siunitx_tmp_int=\count283
\l__siunitx_number_mantissa_length_int=\count284
\l__siunitx_number_uncert_length_int=\count285
\l__siunitx_round_int=\count286
\l__siunitx_process_decimal_int=\count287
\l__siunitx_process_uncertainty_int=\count288
\l__siunitx_process_fixed_int=\count289
\l__siunitx_process_integer_min_int=\count290
\l__siunitx_process_precision_int=\count291
\l__siunitx_group_min_int=\count292
\l__siunitx_angle_marker_box=\box53
\l__siunitx_angle_unit_box=\box54
\l__siunitx_angle_marker_dim=\dimen194
\l__siunitx_angle_unit_dim=\dimen195
\l__siunitx_unit_int=\count293
\l__siunitx_unit_denominator_int=\count294
\l__siunitx_unit_numerator_int=\count295
\l__siunitx_unit_prefix_int=\count296
\l__siunitx_unit_prefix_base_int=\count297
\l__siunitx_unit_prefix_gram_int=\count298
\l__siunitx_number_product_int=\count299
\c__siunitx_one_fill_skip=\skip112
\l__siunitx_table_unit_align_skip=\skip113
\l__siunitx_table_exponent_dim=\dimen196
\l__siunitx_table_integer_dim=\dimen197
\l__siunitx_table_mantissa_dim=\dimen198
\l__siunitx_table_marker_dim=\dimen199
\l__siunitx_table_result_dim=\dimen256
\l__siunitx_table_uncert_dim=\dimen257
\l__siunitx_table_fill_pre_dim=\dimen258
\l__siunitx_table_fill_post_dim=\dimen259
\l__siunitx_table_fill_mid_dim=\dimen260
\l__siunitx_table_pre_box=\box55
\l__siunitx_table_post_box=\box56
\l__siunitx_table_mantissa_box=\box57
\l__siunitx_table_result_box=\box58
\l__siunitx_table_number_align_skip=\skip114
\l__siunitx_table_text_align_skip=\skip115

(/usr/share/texlive/texmf-dist/tex/latex/translator/translator.sty
Package: translator 2019-05-31 v1.12a Easy translation of strings in LaTeX
))
(/usr/share/texlive/texmf-dist/tex/latex/url/url.sty
\Urlmuskip=\muskip17
Package: url 2013/09/16  ver 3.4  Verb mode for urls, etc.
)
(/usr/share/texlive/texmf-dist/tex/latex/hyperref/hyperref.sty
Package: hyperref 2020/01/14 v7.00d Hypertext links for LaTeX

(/usr/share/texlive/texmf-dist/tex/latex/pdftexcmds/pdftexcmds.sty
Package: pdftexcmds 2019/11/24 v0.31 Utility functions of pdfTeX for LuaTeX (HO
)

(/usr/share/texlive/texmf-dist/tex/generic/infwarerr/infwarerr.sty
Package: infwarerr 2019/12/03 v1.5 Providing info/warning/error messages (HO)
)
Package pdftexcmds Info: \pdf@primitive is available.
Package pdftexcmds Info: \pdf@ifprimitive is available.
Package pdftexcmds Info: \pdfdraftmode found.
)
(/usr/share/texlive/texmf-dist/tex/generic/kvdefinekeys/kvdefinekeys.sty
Package: kvdefinekeys 2019-12-19 v1.6 Define keys (HO)
)
(/usr/share/texlive/texmf-dist/tex/generic/pdfescape/pdfescape.sty
Package: pdfescape 2019/12/09 v1.15 Implements pdfTeX's escape features (HO)
)
(/usr/share/texlive/texmf-dist/tex/latex/hycolor/hycolor.sty
Package: hycolor 2020-01-27 v1.10 Color options for hyperref/bookmark (HO)
)
(/usr/share/texlive/texmf-dist/tex/latex/letltxmacro/letltxmacro.sty
Package: letltxmacro 2019/12/03 v1.6 Let assignment for LaTeX macros (HO)
)
(/usr/share/texlive/texmf-dist/tex/latex/auxhook/auxhook.sty
Package: auxhook 2019-12-17 v1.6 Hooks for auxiliary files (HO)
)
\@linkdim=\dimen261
\Hy@linkcounter=\count300
\Hy@pagecounter=\count301

(/usr/share/texlive/texmf-dist/tex/latex/hyperref/pd1enc.def
File: pd1enc.def 2020/01/14 v7.00d Hyperref: PDFDocEncoding definition (HO)
Now handling font encoding PD1 ...
... no UTF-8 mapping file for font encoding PD1
)
(/usr/share/texlive/texmf-dist/tex/generic/intcalc/intcalc.sty
Package: intcalc 2019/12/15 v1.3 Expandable calculations with integers (HO)
)
(/usr/share/texlive/texmf-dist/tex/generic/etexcmds/etexcmds.sty
Package: etexcmds 2019/12/15 v1.7 Avoid name clashes with e-TeX commands (HO)
)
\Hy@SavedSpaceFactor=\count302
\pdfmajorversion=\count303
Package hyperref Info: Hyper figures OFF on input line 4547.
Package hyperref Info: Link nesting OFF on input line 4552.
Package hyperref Info: Hyper index ON on input line 4555.
Package hyperref Info: Plain pages OFF on input line 4562.
Package hyperref Info: Backreferencing OFF on input line 4567.
Package hyperref Info: Implicit mode ON; LaTeX internals redefined.
Package hyperref Info: Bookmarks ON on input line 4800.
\c@Hy@tempcnt=\count304
LaTeX Info: Redefining \url on input line 5159.
\XeTeXLinkMargin=\dimen262

(/usr/share/texlive/texmf-dist/tex/generic/bitset/bitset.sty
Package: bitset 2019/12/09 v1.3 Handle bit-vector datatype (HO)

(/usr/share/texlive/texmf-dist/tex/generic/bigintcalc/bigintcalc.sty
Package: bigintcalc 2019/12/15 v1.5 Expandable calculations on big integers (HO
)
))
\Fld@menulength=\count305
\Field@Width=\dimen263
\Fld@charsize=\dimen264
Package hyperref Info: Hyper figures OFF on input line 6430.
Package hyperref Info: Link nesting OFF on input line 6435.
Package hyperref Info: Hyper index ON on input line 6438.
Package hyperref Info: backreferencing OFF on input line 6445.
Package hyperref Info: Link coloring OFF on input line 6450.
Package hyperref Info: Link coloring with OCG OFF on input line 6455.
Package hyperref Info: PDF/A mode OFF on input line 6460.
LaTeX Info: Redefining \ref on input line 6500.
LaTeX Info: Redefining \pageref on input line 6504.

(/usr/share/texlive/texmf-dist/tex/generic/atbegshi/atbegshi.sty
Package: atbegshi 2019/12/05 v1.19 At begin shipout hook (HO)
)
\Hy@abspage=\count306
\c@Item=\count307
\c@Hfootnote=\count308
)
Package hyperref Info: Driver (autodetected): hpdftex.

(/usr/share/texlive/texmf-dist/tex/latex/hyperref/hpdftex.def
File: hpdftex.def 2020/01/14 v7.00d Hyperref driver for pdfTeX

(/usr/share/texlive/texmf-dist/tex/latex/atveryend/atveryend.sty
Package: atveryend 2019-12-11 v1.11 Hooks at the very end of document (HO)
)
\Fld@listcount=\count309
\c@bookmark@seq@number=\count310

(/usr/share/texlive/texmf-dist/tex/latex/rerunfilecheck/rerunfilecheck.sty
Package: rerunfilecheck 2019/12/05 v1.9 Rerun checks for auxiliary files (HO)

(/usr/share/texlive/texmf-dist/tex/generic/uniquecounter/uniquecounter.sty
Package: uniquecounter 2019/12/15 v1.4 Provide unlimited unique counter (HO)
)
Package uniquecounter Info: New unique counter `rerunfilecheck' on input line 2
86.
)
\Hy@SectionHShift=\skip116
)
(/usr/share/texlive/texmf-dist/tex/latex/biblatex/biblatex.sty
Package: biblatex 2019/12/01 v3.14 programmable bibliographies (PK/MW)

(/usr/share/texlive/texmf-dist/tex/latex/logreq/logreq.sty
Package: logreq 2010/08/04 v1.0 xml request logger
\lrq@indent=\count311

(/usr/share/texlive/texmf-dist/tex/latex/logreq/logreq.def
File: logreq.def 2010/08/04 v1.0 logreq spec v1.0
))
(/usr/share/texlive/texmf-dist/tex/latex/base/ifthen.sty
Package: ifthen 2014/09/29 v1.1c Standard LaTeX ifthen package (DPC)
)
\c@tabx@nest=\count312
\c@listtotal=\count313
\c@listcount=\count314
\c@liststart=\count315
\c@liststop=\count316
\c@citecount=\count317
\c@citetotal=\count318
\c@multicitecount=\count319
\c@multicitetotal=\count320
\c@instcount=\count321
\c@maxnames=\count322
\c@minnames=\count323
\c@maxitems=\count324
\c@minitems=\count325
\c@citecounter=\count326
\c@maxcitecounter=\count327
\c@savedcitecounter=\count328
\c@uniquelist=\count329
\c@uniquename=\count330
\c@refsection=\count331
\c@refsegment=\count332
\c@maxextratitle=\count333
\c@maxextratitleyear=\count334
\c@maxextraname=\count335
\c@maxextradate=\count336
\c@maxextraalpha=\count337
\c@abbrvpenalty=\count338
\c@highnamepenalty=\count339
\c@lownamepenalty=\count340
\c@maxparens=\count341
\c@parenlevel=\count342
\blx@tempcnta=\count343
\blx@tempcntb=\count344
\blx@tempcntc=\count345
\blx@maxsection=\count346
\blx@maxsegment@0=\count347
\blx@notetype=\count348
\blx@parenlevel@text=\count349
\blx@parenlevel@foot=\count350
\blx@sectionciteorder@0=\count351
\blx@entrysetcounter=\count352
\labelnumberwidth=\skip117
\labelalphawidth=\skip118
\biblabelsep=\skip119
\bibitemsep=\skip120
\bibnamesep=\skip121
\bibinitsep=\skip122
\bibparsep=\skip123
\bibhang=\skip124
\blx@bcfin=\read2
\blx@bcfout=\write3
\blx@langwohyphens=\language85
\c@mincomprange=\count353
\c@maxcomprange=\count354
\c@mincompwidth=\count355
Package biblatex Info: Trying to load biblatex default data model...
Package biblatex Info: ... file 'blx-dm.def' found.

(/usr/share/texlive/texmf-dist/tex/latex/biblatex/blx-dm.def
File: blx-dm.def 2019/12/01 v3.14 biblatex localization (PK/MW)
)
Package biblatex Info: Trying to load biblatex style data model...
Package biblatex Info: ... file 'numeric.dbx' not found.
Package biblatex Info: Trying to load biblatex custom data model...
Package biblatex Info: ... file 'biblatex-dm.cfg' not found.
\c@afterword=\count356
\c@savedafterword=\count357
\c@annotator=\count358
\c@savedannotator=\count359
\c@author=\count360
\c@savedauthor=\count361
\c@bookauthor=\count362
\c@savedbookauthor=\count363
\c@commentator=\count364
\c@savedcommentator=\count365
\c@editor=\count366
\c@savededitor=\count367
\c@editora=\count368
\c@savededitora=\count369
\c@editorb=\count370
\c@savededitorb=\count371
\c@editorc=\count372
\c@savededitorc=\count373
\c@foreword=\count374
\c@savedforeword=\count375
\c@holder=\count376
\c@savedholder=\count377
\c@introduction=\count378
\c@savedintroduction=\count379
\c@namea=\count380
\c@savednamea=\count381
\c@nameb=\count382
\c@savednameb=\count383
\c@namec=\count384
\c@savednamec=\count385
\c@translator=\count386
\c@savedtranslator=\count387
\c@shortauthor=\count388
\c@savedshortauthor=\count389
\c@shorteditor=\count390
\c@savedshorteditor=\count391
\c@labelname=\count392
\c@savedlabelname=\count393
\c@institution=\count394
\c@savedinstitution=\count395
\c@lista=\count396
\c@savedlista=\count397
\c@listb=\count398
\c@savedlistb=\count399
\c@listc=\count400
\c@savedlistc=\count401
\c@listd=\count402
\c@savedlistd=\count403
\c@liste=\count404
\c@savedliste=\count405
\c@listf=\count406
\c@savedlistf=\count407
\c@location=\count408
\c@savedlocation=\count409
\c@organization=\count410
\c@savedorganization=\count411
\c@origlocation=\count412
\c@savedoriglocation=\count413
\c@origpublisher=\count414
\c@savedorigpublisher=\count415
\c@publisher=\count416
\c@savedpublisher=\count417
\c@language=\count418
\c@savedlanguage=\count419
\c@origlanguage=\count420
\c@savedoriglanguage=\count421
\c@pageref=\count422
\c@savedpageref=\count423
\shorthandwidth=\skip125
\shortjournalwidth=\skip126
\shortserieswidth=\skip127
\shorttitlewidth=\skip128
\shortauthorwidth=\skip129
\shorteditorwidth=\skip130
\locallabelnumberwidth=\skip131
\locallabelalphawidth=\skip132
\localshorthandwidth=\skip133
\localshortjournalwidth=\skip134
\localshortserieswidth=\skip135
\localshorttitlewidth=\skip136
\localshortauthorwidth=\skip137
\localshorteditorwidth=\skip138
Package biblatex Info: Trying to load compatibility code...
Package biblatex Info: ... file 'blx-compat.def' found.

(/usr/share/texlive/texmf-dist/tex/latex/biblatex/blx-compat.def
File: blx-compat.def 2019/12/01 v3.14 biblatex compatibility (PK/MW)
)
Package biblatex Info: Trying to load BibTeX backend compatibility...
Package biblatex Info: ... file 'blx-bibtex.def' found.

(/usr/share/texlive/texmf-dist/tex/latex/biblatex/blx-bibtex.def
File: blx-bibtex.def 2019/12/01 v3.14 biblatex compatibility (PK/MW)


Package biblatex Warning: Using fall-back BibTeX(8) backend:
(biblatex)                functionality may be reduced/unavailable.

)
Package biblatex Info: Trying to load generic definitions...
Package biblatex Info: ... file 'biblatex.def' found.
 (/usr/share/texlive/texmf-dist/tex/latex/biblatex/biblatex.def
File: biblatex.def 2019/12/01 v3.14 biblatex compatibility (PK/MW)
\c@textcitecount=\count424
\c@textcitetotal=\count425
\c@textcitemaxnames=\count426
\c@biburlbigbreakpenalty=\count427
\c@biburlbreakpenalty=\count428
\c@biburlnumpenalty=\count429
\c@biburlucpenalty=\count430
\c@biburllcpenalty=\count431
\biburlbigskip=\muskip18
\biburlnumskip=\muskip19
\biburlucskip=\muskip20
\biburllcskip=\muskip21
\c@smartand=\count432
)
Package biblatex Info: Trying to load bibliography style 'numeric'...
Package biblatex Info: ... file 'numeric.bbx' found.

(/usr/share/texlive/texmf-dist/tex/latex/biblatex/bbx/numeric.bbx
File: numeric.bbx 2019/12/01 v3.14 biblatex bibliography style (PK/MW)
Package biblatex Info: Trying to load bibliography style 'standard'...
Package biblatex Info: ... file 'standard.bbx' found.

(/usr/share/texlive/texmf-dist/tex/latex/biblatex/bbx/standard.bbx
File: standard.bbx 2019/12/01 v3.14 biblatex bibliography style (PK/MW)
\c@bbx:relatedcount=\count433
\c@bbx:relatedtotal=\count434
))
Package biblatex Info: Trying to load citation style 'numeric'...
Package biblatex Info: ... file 'numeric.cbx' found.

(/usr/share/texlive/texmf-dist/tex/latex/biblatex/cbx/numeric.cbx
File: numeric.cbx 2019/12/01 v3.14 biblatex citation style (PK/MW)
Package biblatex Info: Redefining '\cite'.
Package biblatex Info: Redefining '\parencite'.
Package biblatex Info: Redefining '\footcite'.
Package biblatex Info: Redefining '\footcitetext'.
Package biblatex Info: Redefining '\smartcite'.
Package biblatex Info: Redefining '\supercite'.
Package biblatex Info: Redefining '\textcite'.
Package biblatex Info: Redefining '\textcites'.
Package biblatex Info: Redefining '\cites'.
Package biblatex Info: Redefining '\parencites'.
Package biblatex Info: Redefining '\smartcites'.
)
Package biblatex Info: Trying to load configuration file...
Package biblatex Info: ... file 'biblatex.cfg' found.

(/usr/share/texlive/texmf-dist/tex/latex/biblatex/biblatex.cfg
File: biblatex.cfg 
))
(/usr/share/texlive/texmf-dist/tex/latex/listings/listings.sty
\lst@mode=\count435
\lst@gtempboxa=\box59
\lst@token=\toks24
\lst@length=\count436
\lst@currlwidth=\dimen265
\lst@column=\count437
\lst@pos=\count438
\lst@lostspace=\dimen266
\lst@width=\dimen267
\lst@newlines=\count439
\lst@lineno=\count440
\lst@maxwidth=\dimen268

(/usr/share/texlive/texmf-dist/tex/latex/listings/lstmisc.sty
File: lstmisc.sty 2019/09/10 1.8c (Carsten Heinz)
\c@lstnumber=\count441
\lst@skipnumbers=\count442
\lst@framebox=\box60
)
(/usr/share/texlive/texmf-dist/tex/latex/listings/listings.cfg
File: listings.cfg 2019/09/10 1.8c listings configuration
))
Package: listings 2019/09/10 1.8c (Carsten Heinz)

(/usr/share/texlive/texmf-dist/tex/latex/tools/indentfirst.sty
Package: indentfirst 1995/11/23 v1.03 Indent first paragraph (DPC)
)
(/usr/share/texlive/texmf-dist/tex/latex/base/inputenc.sty
Package: inputenc 2018/08/11 v1.3c Input encoding file
\inpenc@prehook=\toks25
\inpenc@posthook=\toks26
)
(/usr/share/texlive/texmf-dist/tex/latex/setspace/setspace.sty
Package: setspace 2011/12/19 v6.7a set line spacing
)
(/usr/share/texlive/texmf-dist/tex/latex/pslatex/pslatex.sty
Package: pslatex 1996/07/24 v1.2 pslatex emulation (DPC)
LaTeX Font Info:    Redeclaring symbol font `operators' on input line 65.
LaTeX Font Info:    Overwriting symbol font `operators' in version `normal'
(Font)                  OT1/cmr/m/n --> OT1/ptmcm/m/n on input line 65.
LaTeX Font Info:    Overwriting symbol font `operators' in version `bold'
(Font)                  OT1/cmr/bx/n --> OT1/ptmcm/m/n on input line 65.
LaTeX Font Info:    Redeclaring symbol font `letters' on input line 66.
LaTeX Font Info:    Overwriting symbol font `letters' in version `normal'
(Font)                  OML/cmm/m/it --> OML/ptmcm/m/it on input line 66.
LaTeX Font Info:    Overwriting symbol font `letters' in version `bold'
(Font)                  OML/cmm/b/it --> OML/ptmcm/m/it on input line 66.
LaTeX Font Info:    Redeclaring symbol font `symbols' on input line 67.
LaTeX Font Info:    Overwriting symbol font `symbols' in version `normal'
(Font)                  OMS/cmsy/m/n --> OMS/pzccm/m/n on input line 67.
LaTeX Font Info:    Overwriting symbol font `symbols' in version `bold'
(Font)                  OMS/cmsy/b/n --> OMS/pzccm/m/n on input line 67.
LaTeX Font Info:    Redeclaring symbol font `largesymbols' on input line 68.
LaTeX Font Info:    Overwriting symbol font `largesymbols' in version `normal'
(Font)                  OMX/cmex/m/n --> OMX/psycm/m/n on input line 68.
LaTeX Font Info:    Overwriting symbol font `largesymbols' in version `bold'
(Font)                  OMX/cmex/m/n --> OMX/psycm/m/n on input line 68.
\symbold=\mathgroup6
\symitalic=\mathgroup7
LaTeX Font Info:    Redeclaring math alphabet \mathbf on input line 74.
LaTeX Font Info:    Overwriting math alphabet `\mathbf' in version `normal'
(Font)                  OT1/cmr/bx/n --> OT1/ptm/bx/n on input line 74.
LaTeX Font Info:    Overwriting math alphabet `\mathbf' in version `bold'
(Font)                  OT1/cmr/bx/n --> OT1/ptm/bx/n on input line 74.
LaTeX Font Info:    Redeclaring math alphabet \mathit on input line 75.
LaTeX Font Info:    Overwriting math alphabet `\mathit' in version `normal'
(Font)                  OT1/cmr/m/it --> OT1/ptm/m/it on input line 75.
LaTeX Font Info:    Overwriting math alphabet `\mathit' in version `bold'
(Font)                  OT1/cmr/bx/it --> OT1/ptm/m/it on input line 75.
)
(/usr/share/texlive/texmf-dist/tex/latex/chngcntr/chngcntr.sty
Package: chngcntr 2018/04/09 v1.1a change counter resetting
Package chngcntr Info: \counterwithout already defined.
(chngcntr)             Quitting chngcntr on input line 21.
)
(/usr/share/texlive/texmf-dist/tex/latex/tools/multicol.sty
Package: multicol 2019/12/09 v1.8y multicolumn formatting (FMi)
\c@tracingmulticols=\count443
\mult@box=\box61
\multicol@leftmargin=\dimen269
\c@unbalance=\count444
\c@collectmore=\count445
\doublecol@number=\count446
\multicoltolerance=\count447
\multicolpretolerance=\count448
\full@width=\dimen270
\page@free=\dimen271
\premulticols=\dimen272
\postmulticols=\dimen273
\multicolsep=\skip139
\multicolbaselineskip=\skip140
\partial@page=\box62
\last@line=\box63
\maxbalancingoverflow=\dimen274
\mult@rightbox=\box64
\mult@grightbox=\box65
\mult@gfirstbox=\box66
\mult@firstbox=\box67
\@tempa=\box68
\@tempa=\box69
\@tempa=\box70
\@tempa=\box71
\@tempa=\box72
\@tempa=\box73
\@tempa=\box74
\@tempa=\box75
\@tempa=\box76
\@tempa=\box77
\@tempa=\box78
\@tempa=\box79
\@tempa=\box80
\@tempa=\box81
\@tempa=\box82
\@tempa=\box83
\@tempa=\box84
\@tempa=\box85
\@tempa=\box86
\@tempa=\box87
\@tempa=\box88
\@tempa=\box89
\@tempa=\box90
\@tempa=\box91
\@tempa=\box92
\@tempa=\box93
\@tempa=\box94
\@tempa=\box95
\@tempa=\box96
\@tempa=\box97
\@tempa=\box98
\@tempa=\box99
\@tempa=\box100
\@tempa=\box101
\@tempa=\box102
\@tempa=\box103
\@tempa=\box104
\c@minrows=\count449
\c@columnbadness=\count450
\c@finalcolumnbadness=\count451
\last@try=\dimen275
\multicolovershoot=\dimen276
\multicolundershoot=\dimen277
\mult@nat@firstbox=\box105
\colbreak@box=\box106
\mc@col@check@num=\count452
)
(/usr/share/texlive/texmf-dist/tex/latex/was/upgreek.sty
Package: upgreek 2003/02/12 v2.0 (WaS)
Package upgreek Info: Using Euler Roman for upright Greek on input line 31.
\symugrf@m=\mathgroup8
LaTeX Font Info:    Overwriting symbol font `ugrf@m' in version `bold'
(Font)                  U/eur/m/n --> U/eur/b/n on input line 38.
)
\@quotelevel=\count453
\@quotereset=\count454
 (./draft_skripsi.aux)
\openout1 = `draft_skripsi.aux'.

LaTeX Font Info:    Checking defaults for OML/cmm/m/it on input line 128.
LaTeX Font Info:    ... okay on input line 128.
LaTeX Font Info:    Checking defaults for OMS/pzccm/m/n on input line 128.
LaTeX Font Info:    Trying to load font information for OMS+pzccm on input line
 128.
(/usr/share/texlive/texmf-dist/tex/latex/psnfss/omspzccm.fd
File: omspzccm.fd 2000/01/03 Fontinst v1.801 font definitions for OMS/pzccm.
)
LaTeX Font Info:    ... okay on input line 128.
LaTeX Font Info:    Checking defaults for OT1/cmr/m/n on input line 128.
LaTeX Font Info:    ... okay on input line 128.
LaTeX Font Info:    Checking defaults for T1/cmr/m/n on input line 128.
LaTeX Font Info:    ... okay on input line 128.
LaTeX Font Info:    Checking defaults for TS1/cmr/m/n on input line 128.
LaTeX Font Info:    ... okay on input line 128.
LaTeX Font Info:    Checking defaults for OMX/cmex/m/n on input line 128.
LaTeX Font Info:    ... okay on input line 128.
LaTeX Font Info:    Checking defaults for U/cmr/m/n on input line 128.
LaTeX Font Info:    ... okay on input line 128.
LaTeX Font Info:    Checking defaults for PD1/pdf/m/n on input line 128.
LaTeX Font Info:    ... okay on input line 128.

*geometry* driver: auto-detecting
*geometry* detected driver: pdftex
*geometry* verbose mode - [ preamble ] result:
* driver: pdftex
* paper: a4paper
* layout: <same size as paper>
* layoutoffset:(h,v)=(0.0pt,0.0pt)
* modes: 
* h-part:(L,W,R)=(113.81102pt, 398.3386pt, 85.35826pt)
* v-part:(T,H,B)=(113.81102pt, 645.87756pt, 85.35826pt)
* \paperwidth=597.50787pt
* \paperheight=845.04684pt
* \textwidth=398.3386pt
* \textheight=645.87756pt
* \oddsidemargin=41.54103pt
* \evensidemargin=41.54103pt
* \topmargin=4.54103pt
* \headheight=12.0pt
* \headsep=25.0pt
* \topskip=12.0pt
* \footskip=30.0pt
* \marginparwidth=35.0pt
* \marginparsep=10.0pt
* \columnsep=10.0pt
* \skip\footins=10.8pt plus 4.0pt minus 2.0pt
* \hoffset=0.0pt
* \voffset=0.0pt
* \mag=1000
* \@twocolumnfalse
* \@twosidefalse
* \@mparswitchfalse
* \@reversemarginfalse
* (1in=72.27pt=25.4mm, 1cm=28.453pt)

Package caption Info: Begin \AtBeginDocument code.
Package caption Info: subfig package v1.3 is loaded.
Package caption Info: hyperref package is loaded.
Package caption Info: listings package is loaded.
Package caption Info: End \AtBeginDocument code.
(/usr/share/texlive/texmf-dist/tex/context/base/mkii/supp-pdf.mkii
[Loading MPS to PDF converter (version 2006.09.02).]
\scratchcounter=\count455
\scratchdimen=\dimen278
\scratchbox=\box107
\nofMPsegments=\count456
\nofMParguments=\count457
\everyMPshowfont=\toks27
\MPscratchCnt=\count458
\MPscratchDim=\dimen279
\MPnumerator=\count459
\makeMPintoPDFobject=\count460
\everyMPtoPDFconversion=\toks28
) (/usr/share/texlive/texmf-dist/tex/latex/epstopdf-pkg/epstopdf-base.sty
Package: epstopdf-base 2020-01-24 v2.11 Base part for package epstopdf
Package epstopdf-base Info: Redefining graphics rule for `.eps' on input line 4
85.

(/usr/share/texlive/texmf-dist/tex/latex/latexconfig/epstopdf-sys.cfg
File: epstopdf-sys.cfg 2010/07/13 v1.3 Configuration of (r)epstopdf for TeX Liv
e
))
(/usr/share/texlive/texmf-dist/tex/latex/translator/translator-basic-dictionary
-English.dict
Dictionary: translator-basic-dictionary, Language: English 
)
(/usr/share/texlive/texmf-dist/tex/latex/siunitx/siunitx-abbreviations.cfg
File: siunitx-abbreviations.cfg 2017/11/26 v2.7k siunitx: Abbreviated units
)
\AtBeginShipoutBox=\box108
Package hyperref Info: Link coloring OFF on input line 128.

(/usr/share/texlive/texmf-dist/tex/latex/hyperref/nameref.sty
Package: nameref 2019/09/16 v2.46 Cross-referencing by name of section

(/usr/share/texlive/texmf-dist/tex/latex/refcount/refcount.sty
Package: refcount 2019/12/15 v3.6 Data extraction from label references (HO)
)
(/usr/share/texlive/texmf-dist/tex/generic/gettitlestring/gettitlestring.sty
Package: gettitlestring 2019/12/15 v1.6 Cleanup title references (HO)
)
\c@section@level=\count461
)
LaTeX Info: Redefining \ref on input line 128.
LaTeX Info: Redefining \pageref on input line 128.
LaTeX Info: Redefining \nameref on input line 128.

(./draft_skripsi.out) (./draft_skripsi.out)
\@outlinefile=\write4
\openout4 = `draft_skripsi.out'.

Package biblatex Info: Trying to load language 'english'...
Package biblatex Info: ... file 'english.lbx' found.

(/usr/share/texlive/texmf-dist/tex/latex/biblatex/lbx/english.lbx
File: english.lbx 2019/12/01 v3.14 biblatex localization (PK/MW)
)
Package biblatex Info: Input encoding 'utf8' detected.
Package biblatex Info: Automatic encoding selection.
(biblatex)             Assuming data encoding 'utf8'.
Package biblatex Info: Input encoding 'utf8' specified.
Package biblatex Info: Data encoding 'utf8' specified.
(biblatex)             No need to reencode data.
\openout3 = `draft_skripsi-blx.bib'.

Package biblatex Info: Trying to load bibliographic data...
Package biblatex Info: ... file 'draft_skripsi.bbl' found.

(./draft_skripsi.bbl

Package biblatex Warning: BibTeX reported the following issues
(biblatex)                with 'Saqlain2017':
(biblatex)                - Invalid format of field 'month'.


Package biblatex Warning: BibTeX reported the following issues
(biblatex)                with 'Moura2015':
(biblatex)                - Invalid format of field 'month'.

)
Package biblatex Info: Reference section=0 on input line 128.
Package biblatex Info: Reference segment=0 on input line 128.
\c@lstlisting=\count462
LaTeX Font Info:    Trying to load font information for OT1+ptmcm on input line
 128.
 (/usr/share/texlive/texmf-dist/tex/latex/psnfss/ot1ptmcm.fd
File: ot1ptmcm.fd 2000/01/03 Fontinst v1.801 font definitions for OT1/ptmcm.
)
LaTeX Font Info:    Trying to load font information for OML+ptmcm on input line
 128.

(/usr/share/texlive/texmf-dist/tex/latex/psnfss/omlptmcm.fd
File: omlptmcm.fd 2000/01/03 Fontinst v1.801 font definitions for OML/ptmcm.
)
LaTeX Font Info:    Trying to load font information for OMX+psycm on input line
 128.

(/usr/share/texlive/texmf-dist/tex/latex/psnfss/omxpsycm.fd
File: omxpsycm.fd 2000/01/03 Fontinst v1.801 font definitions for OMX/psycm.
)
LaTeX Font Info:    Trying to load font information for U+msa on input line 128
.

(/usr/share/texlive/texmf-dist/tex/latex/amsfonts/umsa.fd
File: umsa.fd 2013/01/14 v3.01 AMS symbols A
)
LaTeX Font Info:    Trying to load font information for U+msb on input line 128
.

(/usr/share/texlive/texmf-dist/tex/latex/amsfonts/umsb.fd
File: umsb.fd 2013/01/14 v3.01 AMS symbols B
)
LaTeX Font Info:    Font shape `OT1/ptm/bx/n' in size <12> not available
(Font)              Font shape `OT1/ptm/b/n' tried instead on input line 128.
LaTeX Font Info:    Font shape `OT1/ptm/bx/n' in size <9> not available
(Font)              Font shape `OT1/ptm/b/n' tried instead on input line 128.
LaTeX Font Info:    Font shape `OT1/ptm/bx/n' in size <7> not available
(Font)              Font shape `OT1/ptm/b/n' tried instead on input line 128.
<gambar/unpadbw.png, id=217, 151.2852pt x 149.358pt>
File: gambar/unpadbw.png Graphic file (type png)
<use gambar/unpadbw.png>
Package pdftex.def Info: gambar/unpadbw.png  used on input line 148.
(pdftex.def)             Requested size: 99.58464pt x 98.31676pt.
 [1

{/var/lib/texmf/fonts/map/pdftex/updmap/pdftex.map} <./gambar/unpadbw.png>]
Overfull \hbox (38.22633pt too wide) in paragraph at lines 171--178
[][]
 []

[1

] [2

] [3] [4] [5

] [6

] (./draft_skripsi.toc [7

] [8])
\tf@toc=\write5
\openout5 = `draft_skripsi.toc'.

 [9] (./draft_skripsi.lof
Overfull \hbox (27.47893pt too wide) detected at line 2
\OT1/ptm/m/n/12 Gambar 2.1 
 []


Overfull \hbox (27.47893pt too wide) detected at line 3
\OT1/ptm/m/n/12 Gambar 2.2 
 []


Overfull \hbox (27.47893pt too wide) detected at line 4
\OT1/ptm/m/n/12 Gambar 2.3 
 []


Overfull \hbox (27.47893pt too wide) detected at line 5
\OT1/ptm/m/n/12 Gambar 2.4 
 []


Overfull \hbox (27.47893pt too wide) detected at line 6
\OT1/ptm/m/n/12 Gambar 2.5 
 []


Overfull \hbox (27.47893pt too wide) detected at line 7
\OT1/ptm/m/n/12 Gambar 2.6 
 []


Overfull \hbox (27.47893pt too wide) detected at line 8
\OT1/ptm/m/n/12 Gambar 2.7 
 []


Overfull \hbox (27.47893pt too wide) detected at line 9
\OT1/ptm/m/n/12 Gambar 2.8 
 []


Overfull \hbox (27.47893pt too wide) detected at line 10
\OT1/ptm/m/n/12 Gambar 2.9 
 []


Overfull \hbox (33.47893pt too wide) detected at line 11
\OT1/ptm/m/n/12 Gambar 2.10 
 []


Overfull \hbox (33.47893pt too wide) detected at line 12
\OT1/ptm/m/n/12 Gambar 2.11 
 []


Overfull \hbox (33.47893pt too wide) detected at line 13
\OT1/ptm/m/n/12 Gambar 2.12 
 []


Overfull \hbox (27.47893pt too wide) detected at line 14
\OT1/ptm/m/n/12 Gambar 3.1 
 []


Overfull \hbox (27.47893pt too wide) detected at line 15
\OT1/ptm/m/n/12 Gambar 3.2 
 []


Overfull \hbox (27.47893pt too wide) detected at line 16
\OT1/ptm/m/n/12 Gambar 3.3 
 []


Overfull \hbox (27.47893pt too wide) detected at line 17
\OT1/ptm/m/n/12 Gambar 4.1 
 []


Overfull \hbox (27.47893pt too wide) detected at line 18
\OT1/ptm/m/n/12 Gambar 4.2 
 []


Overfull \hbox (27.47893pt too wide) detected at line 19
\OT1/ptm/m/n/12 Gambar 4.3 
 []


Overfull \hbox (27.47893pt too wide) detected at line 20
\OT1/ptm/m/n/12 Gambar 4.4 
 []


Overfull \hbox (27.47893pt too wide) detected at line 21
\OT1/ptm/m/n/12 Gambar 4.5 
 []

[10

]
Overfull \hbox (27.47893pt too wide) detected at line 22
\OT1/ptm/m/n/12 Gambar 4.6 
 []


Overfull \hbox (27.47893pt too wide) detected at line 23
\OT1/ptm/m/n/12 Gambar 4.7 
 []


Overfull \hbox (27.47893pt too wide) detected at line 24
\OT1/ptm/m/n/12 Gambar 4.8 
 []


Overfull \hbox (27.47893pt too wide) detected at line 25
\OT1/ptm/m/n/12 Gambar 4.9 
 []


Overfull \hbox (33.47893pt too wide) detected at line 26
\OT1/ptm/m/n/12 Gambar 4.10 
 []


Overfull \hbox (33.47893pt too wide) detected at line 27
\OT1/ptm/m/n/12 Gambar 4.11 
 []

)
\tf@lof=\write6
\openout6 = `draft_skripsi.lof'.

 [11] (./draft_skripsi.lot
Overfull \hbox (31.89394pt too wide) detected at line 2
\OT1/ptm/m/n/12 Tabel 2.1 
 []


Overfull \hbox (31.89394pt too wide) detected at line 3
\OT1/ptm/m/n/12 Tabel 2.2 
 []


Overfull \hbox (31.89394pt too wide) detected at line 4
\OT1/ptm/m/n/12 Tabel 4.3 
 []


Overfull \hbox (31.89394pt too wide) detected at line 5
\OT1/ptm/m/n/12 Tabel 4.4 
 []


Overfull \hbox (31.89394pt too wide) detected at line 6
\OT1/ptm/m/n/12 Tabel 4.5 
 []


Overfull \hbox (31.89394pt too wide) detected at line 7
\OT1/ptm/m/n/12 Tabel 4.6 
 []


Overfull \hbox (31.89394pt too wide) detected at line 8
\OT1/ptm/m/n/12 Tabel 4.7 
 []

)
\tf@lot=\write7
\openout7 = `draft_skripsi.lot'.

 [12

]pdfTeX warning (ext4): destination with the same identifier (name{page.1}) has
 been already used, duplicate ignored
<to be read again> 
                   \relax 
l.282 	
        [1

] [2] [3] [4]
<gambar/metana.png, id=499, 1204.5pt x 903.375pt>
File: gambar/metana.png Graphic file (type png)
<use gambar/metana.png>
Package pdftex.def Info: gambar/metana.png  used on input line 335.
(pdftex.def)             Requested size: 248.96161pt x 186.72313pt.


Package caption Warning: The option `hypcap=true' will be ignored for this
(caption)                particular \caption on input line 336.
See the caption package documentation for explanation.

[5

 <./gambar/metana.png>]
<gambar/grafit.png, id=512, 1003.75pt x 459.7175pt>
File: gambar/grafit.png Graphic file (type png)
<use gambar/grafit.png>
Package pdftex.def Info: gambar/grafit.png  used on input line 345.
(pdftex.def)             Requested size: 248.96161pt x 114.02419pt.


Package caption Warning: The option `hypcap=true' will be ignored for this
(caption)                particular \caption on input line 346.
See the caption package documentation for explanation.

LaTeX Font Info:    Trying to load font information for TS1+ptm on input line 3
49.
(/usr/share/texlive/texmf-dist/tex/latex/psnfss/ts1ptm.fd
File: ts1ptm.fd 2001/06/04 font definitions for TS1/ptm.
) [6 <./gambar/grafit.png>]
<gambar/grafen.png, id=526, 282.05376pt x 179.67125pt>
File: gambar/grafen.png Graphic file (type png)
<use gambar/grafen.png>
Package pdftex.def Info: gambar/grafen.png  used on input line 352.
(pdftex.def)             Requested size: 227.62204pt x 144.99829pt.


Package caption Warning: The option `hypcap=true' will be ignored for this
(caption)                particular \caption on input line 353.
See the caption package documentation for explanation.

<gambar/oksgraf.png, id=530, 500.87125pt x 425.59pt>
File: gambar/oksgraf.png Graphic file (type png)
<use gambar/oksgraf.png>
Package pdftex.def Info: gambar/oksgraf.png  used on input line 359.
(pdftex.def)             Requested size: 227.62204pt x 193.40996pt.

Package caption Warning: The option `hypcap=true' will be ignored for this
(caption)                particular \caption on input line 360.
See the caption package documentation for explanation.

[7 <./gambar/grafen.png> <./gambar/oksgraf.png>]
<gambar/etilen.jpeg, id=544, 376.40625pt x 134.5025pt>
File: gambar/etilen.jpeg Graphic file (type jpg)
<use gambar/etilen.jpeg>
Package pdftex.def Info: gambar/etilen.jpeg  used on input line 368.
(pdftex.def)             Requested size: 312.9803pt x 111.84636pt.


Package caption Warning: The option `hypcap=true' will be ignored for this
(caption)                particular \caption on input line 369.
See the caption package documentation for explanation.

LaTeX Font Info:    Font shape `OT1/ptm/bx/n' in size <10.95> not available
(Font)              Font shape `OT1/ptm/b/n' tried instead on input line 369.
LaTeX Font Info:    Font shape `OT1/ptm/bx/n' in size <8> not available
(Font)              Font shape `OT1/ptm/b/n' tried instead on input line 369.
LaTeX Font Info:    Font shape `OT1/ptm/bx/n' in size <6> not available
(Font)              Font shape `OT1/ptm/b/n' tried instead on input line 369.
[8] [9 <./gambar/etilen.jpeg>] [10] [11]
<gambar/homolumo.png, id=592, 465.74pt x 353.32pt>
File: gambar/homolumo.png Graphic file (type png)
<use gambar/homolumo.png>
Package pdftex.def Info: gambar/homolumo.png  used on input line 446.
(pdftex.def)             Requested size: 258.92024pt x 196.42917pt.


Package caption Warning: The option `hypcap=true' will be ignored for this
(caption)                particular \caption on input line 447.
See the caption package documentation for explanation.

[12] [13 <./gambar/homolumo.png>] [14]
<gambar/blockmat.png, id=625, 274.02374pt x 184.69pt>
File: gambar/blockmat.png Graphic file (type png)
<use gambar/blockmat.png>
Package pdftex.def Info: gambar/blockmat.png  used on input line 473.
(pdftex.def)             Requested size: 258.92024pt x 174.52449pt.


Package caption Warning: The option `hypcap=true' will be ignored for this
(caption)                particular \caption on input line 474.
See the caption package documentation for explanation.

[15 <./gambar/blockmat.png>]
<gambar/bigdat.png, id=639, 563.10374pt x 575.14874pt>
File: gambar/bigdat.png Graphic file (type png)
<use gambar/bigdat.png>
Package pdftex.def Info: gambar/bigdat.png  used on input line 535.
(pdftex.def)             Requested size: 199.16928pt x 203.42888pt.


Package caption Warning: The option `hypcap=true' will be ignored for this
(caption)                particular \caption on input line 536.
See the caption package documentation for explanation.

[16]

LaTeX Warning: `h' float specifier changed to `ht'.

[17 <./gambar/bigdat.png>]
<gambar/perform.png, id=664, 1204.5pt x 687.56876pt>
File: gambar/perform.png Graphic file (type png)
<use gambar/perform.png>
Package pdftex.def Info: gambar/perform.png  used on input line 558.
(pdftex.def)             Requested size: 256.0748pt x 146.17725pt.


Package caption Warning: The option `hypcap=true' will be ignored for this
(caption)                particular \caption on input line 559.
See the caption package documentation for explanation.


Overfull \hbox (25.19998pt too wide) in paragraph at lines 566--579
 [][] 
 []

[18 <./gambar/perform.png (PNG copy)>]
<gambar/spark.png, id=675, 312.16624pt x 162.6075pt>
File: gambar/spark.png Graphic file (type png)
<use gambar/spark.png>
Package pdftex.def Info: gambar/spark.png  used on input line 585.
(pdftex.def)             Requested size: 213.39566pt x 111.15967pt.


Package caption Warning: The option `hypcap=true' will be ignored for this
(caption)                particular \caption on input line 586.
See the caption package documentation for explanation.

[19 <./gambar/spark.png>]
<gambar/rdd.png, id=685, 496.85625pt x 293.59688pt>
File: gambar/rdd.png Graphic file (type png)
<use gambar/rdd.png>
Package pdftex.def Info: gambar/rdd.png  used on input line 591.
(pdftex.def)             Requested size: 213.39566pt x 126.09634pt.


Package caption Warning: The option `hypcap=true' will be ignored for this
(caption)                particular \caption on input line 592.
See the caption package documentation for explanation.

[20 <./gambar/rdd.png>]
<gambar/sparkcontext.png, id=702, 451.6875pt x 472.01344pt>
File: gambar/sparkcontext.png Graphic file (type png)
<use gambar/sparkcontext.png>
Package pdftex.def Info: gambar/sparkcontext.png  used on input line 612.
(pdftex.def)             Requested size: 170.71652pt x 178.40186pt.


Package caption Warning: The option `hypcap=true' will be ignored for this
(caption)                particular \caption on input line 613.
See the caption package documentation for explanation.

[21 <./gambar/sparkcontext.png>] [22]
<gambar/diagram.png, id=717, 793.96625pt x 352.31625pt>
File: gambar/diagram.png Graphic file (type png)
<use gambar/diagram.png>
Package pdftex.def Info: gambar/diagram.png  used on input line 632.
(pdftex.def)             Requested size: 369.88582pt x 164.13716pt.


Package caption Warning: The option `hypcap=true' will be ignored for this
(caption)                particular \caption on input line 633.
See the caption package documentation for explanation.

[23

] [24 <./gambar/diagram.png>] [25] [26]
<gambar/struk.png, id=757, 361.35pt x 195.73125pt>
File: gambar/struk.png Graphic file (type png)
<use gambar/struk.png>
Package pdftex.def Info: gambar/struk.png  used on input line 715.
(pdftex.def)             Requested size: 199.16928pt x 107.88248pt.


Package caption Warning: The option `hypcap=true' will be ignored for this
(caption)                particular \caption on input line 716.
See the caption package documentation for explanation.


Overfull \hbox (24.25838pt too wide) detected at line 733
[][] []
 []

[27 <./gambar/struk.png>] [28]
<gambar/skem.png, id=774, 598.235pt x 287.0725pt>
File: gambar/skem.png Graphic file (type png)
<use gambar/skem.png>
Package pdftex.def Info: gambar/skem.png  used on input line 749.
(pdftex.def)             Requested size: 284.52756pt x 136.53606pt.


Package caption Warning: The option `hypcap=true' will be ignored for this
(caption)                particular \caption on input line 750.
See the caption package documentation for explanation.

[29 <./gambar/skem.png>] [30]
<gambar/benzene.png, id=791, 223.0734pt x 237.0456pt>
File: gambar/benzene.png Graphic file (type png)
<use gambar/benzene.png>
Package pdftex.def Info: gambar/benzene.png  used on input line 787.
(pdftex.def)             Requested size: 142.26378pt x 151.18056pt.


Package caption Warning: The option `hypcap=true' will be ignored for this
(caption)                particular \caption on input line 788.
See the caption package documentation for explanation.

[31

 <./gambar/benzene.png>]
<gambar/benzene-hamiltonian.png, id=797, 460.72125pt x 104.39pt>
File: gambar/benzene-hamiltonian.png Graphic file (type png)
<use gambar/benzene-hamiltonian.png>
Package pdftex.def Info: gambar/benzene-hamiltonian.png  used on input line 793
.
(pdftex.def)             Requested size: 284.52756pt x 64.46785pt.


Package caption Warning: The option `hypcap=true' will be ignored for this
(caption)                particular \caption on input line 794.
See the caption package documentation for explanation.

<gambar/C10.png, id=800, 298.716pt x 197.538pt>
File: gambar/C10.png Graphic file (type png)
<use gambar/C10.png>
Package pdftex.def Info: gambar/C10.png  used on input line 802.
(pdftex.def)             Requested size: 170.71652pt x 112.89622pt.

Package caption Warning: The option `hypcap=true' will be ignored for this
(caption)                particular \caption on input line 803.
See the caption package documentation for explanation.

<gambar/c10_hamiltonian.png, id=801, 571.13374pt x 324.21124pt>
File: gambar/c10_hamiltonian.png Graphic file (type png)
<use gambar/c10_hamiltonian.png>
Package pdftex.def Info: gambar/c10_hamiltonian.png  used on input line 808.
(pdftex.def)             Requested size: 284.52756pt x 161.51651pt.

Package caption Warning: The option `hypcap=true' will be ignored for this
(caption)                particular \caption on input line 809.
See the caption package documentation for explanation.

[32 <./gambar/benzene-hamiltonian.png> <./gambar/C10.png>]
<gambar/graphene21_hamiltonian.png, id=808, 282.8166pt x 469.2732pt>
File: gambar/graphene21_hamiltonian.png Graphic file (type png)
<use gambar/graphene21_hamiltonian.png>
Package pdftex.def Info: gambar/graphene21_hamiltonian.png  used on input line 
814.
(pdftex.def)             Requested size: 213.39566pt x 354.08786pt.


Package caption Warning: The option `hypcap=true' will be ignored for this
(caption)                particular \caption on input line 815.
See the caption package documentation for explanation.

[33 <./gambar/c10_hamiltonian.png> <./gambar/graphene21_hamiltonian.png>]
<gambar/benzene-energy.png, id=817, 359.3425pt x 99.37125pt>
File: gambar/benzene-energy.png Graphic file (type png)
<use gambar/benzene-energy.png>
Package pdftex.def Info: gambar/benzene-energy.png  used on input line 826.
(pdftex.def)             Requested size: 227.62204pt x 62.94688pt.


Package caption Warning: The option `hypcap=true' will be ignored for this
(caption)                particular \caption on input line 827.
See the caption package documentation for explanation.

[34 <./gambar/benzene-energy.png>]
<gambar/graphene21_energy.png, id=826, 470.75874pt x 337.26pt>
File: gambar/graphene21_energy.png Graphic file (type png)
<use gambar/graphene21_energy.png>
Package pdftex.def Info: gambar/graphene21_energy.png  used on input line 838.
(pdftex.def)             Requested size: 227.62204pt x 163.07172pt.


Package caption Warning: The option `hypcap=true' will be ignored for this
(caption)                particular \caption on input line 839.
See the caption package documentation for explanation.

[35 <./gambar/graphene21_energy.png>]
<gambar/bandgap.png, id=836, 752.8125pt x 451.6875pt>
File: gambar/bandgap.png Graphic file (type png)
<use gambar/bandgap.png>
Package pdftex.def Info: gambar/bandgap.png  used on input line 869.
(pdftex.def)             Requested size: 341.43306pt x 204.86337pt.


Package caption Warning: The option `hypcap=true' will be ignored for this
(caption)                particular \caption on input line 870.
See the caption package documentation for explanation.

[36 <./gambar/bandgap.png>]
<gambar/performa_komputasi.png, id=843, 1129.21875pt x 752.8125pt>
File: gambar/performa_komputasi.png Graphic file (type png)
<use gambar/performa_komputasi.png>
Package pdftex.def Info: gambar/performa_komputasi.png  used on input line 902.

(pdftex.def)             Requested size: 341.43306pt x 227.62596pt.


Package caption Warning: The option `hypcap=true' will be ignored for this
(caption)                particular \caption on input line 903.
See the caption package documentation for explanation.

[37 <./gambar/performa_komputasi.png>]

LaTeX Warning: `h' float specifier changed to `ht'.

[38]

LaTeX Warning: `h' float specifier changed to `ht'.

[39]
<gambar/spectra-benzene.png, id=865, 752.8125pt x 451.6875pt>
File: gambar/spectra-benzene.png Graphic file (type png)
<use gambar/spectra-benzene.png>
Package pdftex.def Info: gambar/spectra-benzene.png  used on input line 967.
(pdftex.def)             Requested size: 284.52756pt x 170.71947pt.


Package caption Warning: The option `hypcap=true' will be ignored for this
(caption)                particular \caption on input line 968.
See the caption package documentation for explanation.

[40 <./gambar/spectra-benzene.png>]

LaTeX Warning: Reference `absorbance_graphene400' on page 41 undefined on input
 line 974.

<gambar/spectra-graphene.png, id=873, 752.8125pt x 451.6875pt>
File: gambar/spectra-graphene.png Graphic file (type png)
<use gambar/spectra-graphene.png>
Package pdftex.def Info: gambar/spectra-graphene.png  used on input line 976.
(pdftex.def)             Requested size: 341.43306pt x 204.86337pt.

Package caption Warning: The option `hypcap=true' will be ignored for this
(caption)                particular \caption on input line 977.
See the caption package documentation for explanation.

[41 <./gambar/spectra-graphene.png>] [42

] [43] [44] [45

] [46] [47] [48]
[49] [50]

Package hyperref Warning: The anchor of a bookmark and its parent's must not
(hyperref)                be the same. Added a new anchor on input line 1007.

(/usr/share/texlive/texmf-dist/tex/latex/listings/lstlang1.sty
File: lstlang1.sty 2019/09/10 1.8c listings language file
)
Package hyperref Info: bookmark level for unknown lstlisting defaults to 0 on i
nput line 1008.

(./koding/huckel.py
LaTeX Font Info:    Trying to load font information for OML+ptm on input line 2
0.
 (/usr/share/texlive/texmf-dist/tex/latex/psnfss/omlptm.fd
File: omlptm.fd 
)
LaTeX Font Info:    Font shape `OML/ptm/m/n' in size <10.95> not available
(Font)              Font shape `OML/cmm/m/it' tried instead on input line 20.

[51

] [52] [53] [54] [55]
LaTeX Font Info:    Font shape `OMS/ptm/m/n' in size <10.95> not available
(Font)              Font shape `OMS/pzccm/m/n' tried instead on input line 127.

) (./koding/main.py [56]) (./koding/main_spark.py
[57]) [58] (./koding/main_mp_pool.py) (./koding/main_thread.py [59])
<gambar/mp_pool.png, id=1222, 1371.1225pt x 770.88pt>
File: gambar/mp_pool.png Graphic file (type png)
<use gambar/mp_pool.png>
Package pdftex.def Info: gambar/mp_pool.png  used on input line 1029.
(pdftex.def)             Requested size: 341.43306pt x 191.95496pt.
 [60]
<gambar/spark-submit.png, id=1244, 1371.1225pt x 770.88pt>
File: gambar/spark-submit.png Graphic file (type png)
<use gambar/spark-submit.png>
Package pdftex.def Info: gambar/spark-submit.png  used on input line 1035.
(pdftex.def)             Requested size: 341.43306pt x 191.95496pt.
<gambar/gcp.png, id=1245, 861.9703pt x 180.675pt>
File: gambar/gcp.png Graphic file (type png)
<use gambar/gcp.png>
Package pdftex.def Info: gambar/gcp.png  used on input line 1041.
(pdftex.def)             Requested size: 369.88582pt x 77.53159pt.
<gambar/kst.png, id=1246, 668.4975pt x 188.20313pt>
File: gambar/kst.png Graphic file (type png)
<use gambar/kst.png>
Package pdftex.def Info: gambar/kst.png  used on input line 1047.
(pdftex.def)             Requested size: 312.9803pt x 88.11661pt.

[61 <./gambar/mp_pool.png> <./gambar/spark-submit.png> <./gambar/gcp.png>]
<gambar/neofetch-gcp.png, id=1254, 1371.1225pt x 770.88pt>
File: gambar/neofetch-gcp.png Graphic file (type png)
<use gambar/neofetch-gcp.png>
Package pdftex.def Info: gambar/neofetch-gcp.png  used on input line 1053.
(pdftex.def)             Requested size: 341.43306pt x 191.95496pt.
Package atveryend Info: Empty hook `BeforeClearDocument' on input line 1056.

[62 <./gambar/kst.png> <./gambar/neofetch-gcp.png>]
Package atveryend Info: Empty hook `AfterLastShipout' on input line 1056.
 (./draft_skripsi.aux)
Package atveryend Info: Executing hook `AtVeryEndDocument' on input line 1056.
Package atveryend Info: Executing hook `AtEndAfterFileList' on input line 1056.

Package rerunfilecheck Info: File `draft_skripsi.out' has not changed.
(rerunfilecheck)             Checksum: 70E0564F4ECA4560A70D2737EAFF0F67;3814.


LaTeX Warning: There were undefined references.

Package logreq Info: Writing requests to 'draft_skripsi.run.xml'.
\openout1 = `draft_skripsi.run.xml'.

 ) 
Here is how much of TeX's memory you used:
 23091 strings out of 481239
 415886 string characters out of 5920377
 1081925 words of memory out of 5000000
 37439 multiletter control sequences out of 15000+600000
 585154 words of font info for 139 fonts, out of 8000000 for 9000
 1141 hyphenation exceptions out of 8191
 41i,14n,54p,2315b,2469s stack positions out of 5000i,500n,10000p,200000b,80000s
{/usr/share/texlive/texmf-dist/fonts/enc/dvips/base/8r.enc}</usr/share/texliv
e/texmf-dist/fonts/type1/public/amsfonts/cm/cmex10.pfb></usr/share/texlive/texm
f-dist/fonts/type1/public/amsfonts/cmextra/cmex9.pfb></usr/share/texlive/texmf-
dist/fonts/type1/public/amsfonts/cm/cmmi10.pfb></usr/share/texlive/texmf-dist/f
onts/type1/public/amsfonts/cm/cmr10.pfb></usr/share/texlive/texmf-dist/fonts/ty
pe1/public/amsfonts/cm/cmsy10.pfb></usr/share/texlive/texmf-dist/fonts/type1/pu
blic/amsfonts/euler/eurm10.pfb></usr/share/texlive/texmf-dist/fonts/type1/urw/c
ourier/ucrr8a.pfb></usr/share/texlive/texmf-dist/fonts/type1/urw/symbol/usyr.pf
b></usr/share/texlive/texmf-dist/fonts/type1/urw/times/utmb8a.pfb></usr/share/t
exlive/texmf-dist/fonts/type1/urw/times/utmbi8a.pfb></usr/share/texlive/texmf-d
ist/fonts/type1/urw/times/utmr8a.pfb></usr/share/texlive/texmf-dist/fonts/type1
/urw/times/utmri8a.pfb>
Output written on draft_skripsi.pdf (75 pages, 1910299 bytes).
PDF statistics:
 1412 PDF objects out of 1440 (max. 8388607)
 1234 compressed objects within 13 object streams
 505 named destinations out of 1000 (max. 500000)
 585 words of extra memory for PDF output out of 10000 (max. 10000000)

